2021-09-01 17:05:21.776 [info] <0.44.0> Application lager started on node nonode@nohost
2021-09-01 17:05:21.780 [info] <0.44.0> Application xmerl started on node nonode@nohost
2021-09-01 17:05:21.785 [info] <0.44.0> Application sasl started on node nonode@nohost
2021-09-01 17:05:21.785 [info] <0.44.0> Application tools started on node nonode@nohost
2021-09-01 17:05:21.786 [info] <0.44.0> Application jsx started on node nonode@nohost
2021-09-01 17:05:21.786 [info] <0.44.0> Application recon started on node nonode@nohost
2021-09-01 17:05:21.830 [info] <0.44.0> Application credentials_obfuscation started on node nonode@nohost
2021-09-01 17:05:21.830 [info] <0.44.0> Application rabbit_common started on node nonode@nohost
2021-09-01 17:05:21.838 [info] <0.44.0> Application amqp_client started on node nonode@nohost
2021-09-01 17:05:21.839 [info] <0.44.0> Application amqp started on node nonode@nohost
2021-09-01 17:05:21.839 [info] <0.44.0> Application broadway_rabbitmq started on node nonode@nohost
2021-09-01 17:05:21.839 [info] <0.44.0> Application tickets started on node nonode@nohost
2021-09-01 17:06:43.098 [info] <0.44.0> Application lager started on node nonode@nohost
2021-09-01 17:06:43.100 [info] <0.44.0> Application xmerl started on node nonode@nohost
2021-09-01 17:06:43.110 [info] <0.44.0> Application sasl started on node nonode@nohost
2021-09-01 17:06:43.110 [info] <0.44.0> Application tools started on node nonode@nohost
2021-09-01 17:06:43.110 [info] <0.44.0> Application jsx started on node nonode@nohost
2021-09-01 17:06:43.110 [info] <0.44.0> Application recon started on node nonode@nohost
2021-09-01 17:06:43.157 [info] <0.44.0> Application credentials_obfuscation started on node nonode@nohost
2021-09-01 17:06:43.158 [info] <0.44.0> Application rabbit_common started on node nonode@nohost
2021-09-01 17:06:43.168 [info] <0.44.0> Application amqp_client started on node nonode@nohost
2021-09-01 17:06:43.168 [info] <0.44.0> Application amqp started on node nonode@nohost
2021-09-01 17:06:43.168 [info] <0.44.0> Application broadway_rabbitmq started on node nonode@nohost
2021-09-01 17:06:43.168 [info] <0.44.0> Application tickets started on node nonode@nohost
2021-09-01 17:07:25.201 [info] <0.44.0> Application lager started on node nonode@nohost
2021-09-01 17:07:25.204 [info] <0.44.0> Application xmerl started on node nonode@nohost
2021-09-01 17:07:25.211 [info] <0.44.0> Application sasl started on node nonode@nohost
2021-09-01 17:07:25.211 [info] <0.44.0> Application tools started on node nonode@nohost
2021-09-01 17:07:25.211 [info] <0.44.0> Application jsx started on node nonode@nohost
2021-09-01 17:07:25.211 [info] <0.44.0> Application recon started on node nonode@nohost
2021-09-01 17:07:25.252 [info] <0.44.0> Application credentials_obfuscation started on node nonode@nohost
2021-09-01 17:07:25.253 [info] <0.44.0> Application rabbit_common started on node nonode@nohost
2021-09-01 17:07:25.261 [info] <0.44.0> Application amqp_client started on node nonode@nohost
2021-09-01 17:07:25.262 [info] <0.44.0> Application amqp started on node nonode@nohost
2021-09-01 17:07:25.263 [info] <0.44.0> Application broadway_rabbitmq started on node nonode@nohost
2021-09-01 17:07:25.263 [info] <0.44.0> Application tickets started on node nonode@nohost
2021-09-01 17:08:45.880 [info] <0.44.0> Application lager started on node nonode@nohost
2021-09-01 17:08:45.883 [info] <0.44.0> Application xmerl started on node nonode@nohost
2021-09-01 17:08:45.888 [info] <0.44.0> Application sasl started on node nonode@nohost
2021-09-01 17:08:45.888 [info] <0.44.0> Application tools started on node nonode@nohost
2021-09-01 17:08:45.888 [info] <0.44.0> Application jsx started on node nonode@nohost
2021-09-01 17:08:45.888 [info] <0.44.0> Application recon started on node nonode@nohost
2021-09-01 17:08:45.930 [info] <0.44.0> Application credentials_obfuscation started on node nonode@nohost
2021-09-01 17:08:45.930 [info] <0.44.0> Application rabbit_common started on node nonode@nohost
2021-09-01 17:08:45.938 [info] <0.44.0> Application amqp_client started on node nonode@nohost
2021-09-01 17:08:45.939 [info] <0.44.0> Application amqp started on node nonode@nohost
2021-09-01 17:08:45.939 [info] <0.44.0> Application broadway_rabbitmq started on node nonode@nohost
2021-09-01 17:08:45.939 [info] <0.44.0> Application tickets started on node nonode@nohost
2021-09-01 17:09:03.575 [info] <0.44.0> Application logger started on node nonode@nohost
2021-09-01 17:09:03.577 [info] <0.44.0> Application gen_stage started on node nonode@nohost
2021-09-01 17:09:03.577 [info] <0.44.0> Application nimble_options started on node nonode@nohost
2021-09-01 17:09:03.577 [info] <0.44.0> Application telemetry started on node nonode@nohost
2021-09-01 17:09:03.577 [info] <0.44.0> Application broadway started on node nonode@nohost
2021-09-01 17:09:03.578 [info] <0.44.0> Application xmerl started on node nonode@nohost
2021-09-01 17:09:03.585 [info] <0.44.0> Application sasl started on node nonode@nohost
2021-09-01 17:09:03.586 [info] <0.44.0> Application tools started on node nonode@nohost
2021-09-01 17:09:03.586 [info] <0.44.0> Application jsx started on node nonode@nohost
2021-09-01 17:09:03.586 [info] <0.44.0> Application recon started on node nonode@nohost
2021-09-01 17:09:03.627 [info] <0.44.0> Application credentials_obfuscation started on node nonode@nohost
2021-09-01 17:09:03.627 [info] <0.44.0> Application rabbit_common started on node nonode@nohost
2021-09-01 17:09:03.634 [info] <0.44.0> Application amqp_client started on node nonode@nohost
2021-09-01 17:09:03.635 [info] <0.44.0> Application amqp started on node nonode@nohost
2021-09-01 17:09:03.635 [info] <0.44.0> Application broadway_rabbitmq started on node nonode@nohost
2021-09-01 17:09:03.636 [info] <0.44.0> Application tickets started on node nonode@nohost
2021-09-01 17:23:35.063 [info] <0.44.0> Application logger started on node nonode@nohost
2021-09-01 17:23:35.066 [info] <0.44.0> Application gen_stage started on node nonode@nohost
2021-09-01 17:23:35.066 [info] <0.44.0> Application nimble_options started on node nonode@nohost
2021-09-01 17:23:35.066 [info] <0.44.0> Application telemetry started on node nonode@nohost
2021-09-01 17:23:35.066 [info] <0.44.0> Application broadway started on node nonode@nohost
2021-09-01 17:23:35.067 [info] <0.44.0> Application xmerl started on node nonode@nohost
2021-09-01 17:23:35.076 [info] <0.44.0> Application sasl started on node nonode@nohost
2021-09-01 17:23:35.077 [info] <0.44.0> Application tools started on node nonode@nohost
2021-09-01 17:23:35.077 [info] <0.44.0> Application jsx started on node nonode@nohost
2021-09-01 17:23:35.077 [info] <0.44.0> Application recon started on node nonode@nohost
2021-09-01 17:23:35.123 [info] <0.44.0> Application credentials_obfuscation started on node nonode@nohost
2021-09-01 17:23:35.123 [info] <0.44.0> Application rabbit_common started on node nonode@nohost
2021-09-01 17:23:35.132 [info] <0.44.0> Application amqp_client started on node nonode@nohost
2021-09-01 17:23:35.133 [info] <0.44.0> Application amqp started on node nonode@nohost
2021-09-01 17:23:35.133 [info] <0.44.0> Application broadway_rabbitmq started on node nonode@nohost
2021-09-01 17:23:35.174 [info] <0.44.0> Application tickets started on node nonode@nohost
2021-09-01 17:34:58.452 [info] <0.44.0> Application logger started on node nonode@nohost
2021-09-01 17:34:58.454 [info] <0.44.0> Application gen_stage started on node nonode@nohost
2021-09-01 17:34:58.454 [info] <0.44.0> Application nimble_options started on node nonode@nohost
2021-09-01 17:34:58.457 [info] <0.44.0> Application telemetry started on node nonode@nohost
2021-09-01 17:34:58.457 [info] <0.44.0> Application broadway started on node nonode@nohost
2021-09-01 17:34:58.458 [info] <0.44.0> Application xmerl started on node nonode@nohost
2021-09-01 17:34:58.466 [info] <0.44.0> Application sasl started on node nonode@nohost
2021-09-01 17:34:58.467 [info] <0.44.0> Application tools started on node nonode@nohost
2021-09-01 17:34:58.467 [info] <0.44.0> Application jsx started on node nonode@nohost
2021-09-01 17:34:58.467 [info] <0.44.0> Application recon started on node nonode@nohost
2021-09-01 17:34:58.513 [info] <0.44.0> Application credentials_obfuscation started on node nonode@nohost
2021-09-01 17:34:58.513 [info] <0.44.0> Application rabbit_common started on node nonode@nohost
2021-09-01 17:34:58.520 [info] <0.44.0> Application amqp_client started on node nonode@nohost
2021-09-01 17:34:58.521 [info] <0.44.0> Application amqp started on node nonode@nohost
2021-09-01 17:34:58.522 [info] <0.44.0> Application broadway_rabbitmq started on node nonode@nohost
2021-09-01 17:34:58.560 [info] <0.44.0> Application tickets started on node nonode@nohost
2021-09-01 17:35:34.487 [info] <0.44.0> Application logger started on node nonode@nohost
2021-09-01 17:35:34.489 [info] <0.44.0> Application gen_stage started on node nonode@nohost
2021-09-01 17:35:34.489 [info] <0.44.0> Application nimble_options started on node nonode@nohost
2021-09-01 17:35:34.490 [info] <0.44.0> Application telemetry started on node nonode@nohost
2021-09-01 17:35:34.491 [info] <0.44.0> Application broadway started on node nonode@nohost
2021-09-01 17:35:34.493 [info] <0.44.0> Application xmerl started on node nonode@nohost
2021-09-01 17:35:34.501 [info] <0.44.0> Application sasl started on node nonode@nohost
2021-09-01 17:35:34.501 [info] <0.44.0> Application tools started on node nonode@nohost
2021-09-01 17:35:34.502 [info] <0.44.0> Application jsx started on node nonode@nohost
2021-09-01 17:35:34.502 [info] <0.44.0> Application recon started on node nonode@nohost
2021-09-01 17:35:34.543 [info] <0.44.0> Application credentials_obfuscation started on node nonode@nohost
2021-09-01 17:35:34.543 [info] <0.44.0> Application rabbit_common started on node nonode@nohost
2021-09-01 17:35:34.550 [info] <0.44.0> Application amqp_client started on node nonode@nohost
2021-09-01 17:35:34.551 [info] <0.44.0> Application amqp started on node nonode@nohost
2021-09-01 17:35:34.552 [info] <0.44.0> Application broadway_rabbitmq started on node nonode@nohost
2021-09-01 17:35:34.585 [info] <0.44.0> Application tickets started on node nonode@nohost
2021-09-01 17:37:20.679 [info] <0.44.0> Application logger started on node nonode@nohost
2021-09-01 17:37:20.681 [info] <0.44.0> Application gen_stage started on node nonode@nohost
2021-09-01 17:37:20.681 [info] <0.44.0> Application nimble_options started on node nonode@nohost
2021-09-01 17:37:20.682 [info] <0.44.0> Application telemetry started on node nonode@nohost
2021-09-01 17:37:20.682 [info] <0.44.0> Application broadway started on node nonode@nohost
2021-09-01 17:37:20.684 [info] <0.44.0> Application xmerl started on node nonode@nohost
2021-09-01 17:37:20.691 [info] <0.44.0> Application sasl started on node nonode@nohost
2021-09-01 17:37:20.691 [info] <0.44.0> Application tools started on node nonode@nohost
2021-09-01 17:37:20.691 [info] <0.44.0> Application jsx started on node nonode@nohost
2021-09-01 17:37:20.691 [info] <0.44.0> Application recon started on node nonode@nohost
2021-09-01 17:37:20.735 [info] <0.44.0> Application credentials_obfuscation started on node nonode@nohost
2021-09-01 17:37:20.735 [info] <0.44.0> Application rabbit_common started on node nonode@nohost
2021-09-01 17:37:20.742 [info] <0.44.0> Application amqp_client started on node nonode@nohost
2021-09-01 17:37:20.743 [info] <0.44.0> Application amqp started on node nonode@nohost
2021-09-01 17:37:20.743 [info] <0.44.0> Application broadway_rabbitmq started on node nonode@nohost
2021-09-01 17:37:20.778 [info] <0.44.0> Application tickets started on node nonode@nohost
2021-09-01 17:43:46.805 [info] <0.44.0> Application logger started on node nonode@nohost
2021-09-01 17:43:46.809 [info] <0.44.0> Application gen_stage started on node nonode@nohost
2021-09-01 17:43:46.809 [info] <0.44.0> Application nimble_options started on node nonode@nohost
2021-09-01 17:43:46.809 [info] <0.44.0> Application telemetry started on node nonode@nohost
2021-09-01 17:43:46.809 [info] <0.44.0> Application broadway started on node nonode@nohost
2021-09-01 17:43:46.809 [info] <0.44.0> Application xmerl started on node nonode@nohost
2021-09-01 17:43:46.817 [info] <0.44.0> Application sasl started on node nonode@nohost
2021-09-01 17:43:46.817 [info] <0.44.0> Application tools started on node nonode@nohost
2021-09-01 17:43:46.817 [info] <0.44.0> Application jsx started on node nonode@nohost
2021-09-01 17:43:46.817 [info] <0.44.0> Application recon started on node nonode@nohost
2021-09-01 17:43:46.861 [info] <0.44.0> Application credentials_obfuscation started on node nonode@nohost
2021-09-01 17:43:46.861 [info] <0.44.0> Application rabbit_common started on node nonode@nohost
2021-09-01 17:43:46.868 [info] <0.44.0> Application amqp_client started on node nonode@nohost
2021-09-01 17:43:46.869 [info] <0.44.0> Application amqp started on node nonode@nohost
2021-09-01 17:43:46.869 [info] <0.44.0> Application broadway_rabbitmq started on node nonode@nohost
2021-09-01 17:43:46.910 [info] <0.44.0> Application tickets started on node nonode@nohost
2021-09-01 17:51:21.400 [info] <0.44.0> Application logger started on node nonode@nohost
2021-09-01 17:51:21.402 [info] <0.44.0> Application xmerl started on node nonode@nohost
2021-09-01 17:51:21.407 [info] <0.44.0> Application sasl started on node nonode@nohost
2021-09-01 17:51:21.408 [info] <0.44.0> Application tools started on node nonode@nohost
2021-09-01 17:51:21.408 [info] <0.44.0> Application jsx started on node nonode@nohost
2021-09-01 17:51:21.408 [info] <0.44.0> Application recon started on node nonode@nohost
2021-09-01 17:51:21.448 [info] <0.44.0> Application credentials_obfuscation started on node nonode@nohost
2021-09-01 17:51:21.448 [info] <0.44.0> Application rabbit_common started on node nonode@nohost
2021-09-01 17:51:21.456 [info] <0.44.0> Application amqp_client started on node nonode@nohost
2021-09-01 17:51:21.457 [info] <0.44.0> Application amqp started on node nonode@nohost
2021-09-01 17:51:21.457 [info] <0.44.0> Application gen_stage started on node nonode@nohost
2021-09-01 17:51:21.458 [info] <0.44.0> Application nimble_options started on node nonode@nohost
2021-09-01 17:51:21.460 [info] <0.44.0> Application telemetry started on node nonode@nohost
2021-09-01 17:51:21.460 [info] <0.44.0> Application broadway started on node nonode@nohost
2021-09-01 17:51:21.462 [info] <0.44.0> Application broadway_rabbitmq started on node nonode@nohost
2021-09-01 17:51:21.492 [info] <0.44.0> Application tickets started on node nonode@nohost
2021-09-01 17:57:42.406 [info] <0.44.0> Application logger started on node nonode@nohost
2021-09-01 17:57:42.408 [info] <0.44.0> Application xmerl started on node nonode@nohost
2021-09-01 17:57:42.413 [info] <0.44.0> Application sasl started on node nonode@nohost
2021-09-01 17:57:42.414 [info] <0.44.0> Application tools started on node nonode@nohost
2021-09-01 17:57:42.414 [info] <0.44.0> Application jsx started on node nonode@nohost
2021-09-01 17:57:42.414 [info] <0.44.0> Application recon started on node nonode@nohost
2021-09-01 17:57:42.457 [info] <0.44.0> Application credentials_obfuscation started on node nonode@nohost
2021-09-01 17:57:42.457 [info] <0.44.0> Application rabbit_common started on node nonode@nohost
2021-09-01 17:57:42.467 [info] <0.44.0> Application amqp_client started on node nonode@nohost
2021-09-01 17:57:42.469 [info] <0.44.0> Application amqp started on node nonode@nohost
2021-09-01 17:57:42.469 [info] <0.44.0> Application gen_stage started on node nonode@nohost
2021-09-01 17:57:42.470 [info] <0.44.0> Application nimble_options started on node nonode@nohost
2021-09-01 17:57:42.474 [info] <0.44.0> Application telemetry started on node nonode@nohost
2021-09-01 17:57:42.474 [info] <0.44.0> Application broadway started on node nonode@nohost
2021-09-01 17:57:42.476 [info] <0.44.0> Application broadway_rabbitmq started on node nonode@nohost
2021-09-01 17:57:42.518 [info] <0.44.0> Application tickets started on node nonode@nohost
2021-09-01 17:58:49.703 [info] <0.44.0> Application logger started on node nonode@nohost
2021-09-01 17:58:49.705 [info] <0.44.0> Application xmerl started on node nonode@nohost
2021-09-01 17:58:49.710 [info] <0.44.0> Application sasl started on node nonode@nohost
2021-09-01 17:58:49.710 [info] <0.44.0> Application tools started on node nonode@nohost
2021-09-01 17:58:49.710 [info] <0.44.0> Application jsx started on node nonode@nohost
2021-09-01 17:58:49.710 [info] <0.44.0> Application recon started on node nonode@nohost
2021-09-01 17:58:49.751 [info] <0.44.0> Application credentials_obfuscation started on node nonode@nohost
2021-09-01 17:58:49.751 [info] <0.44.0> Application rabbit_common started on node nonode@nohost
2021-09-01 17:58:49.758 [info] <0.44.0> Application amqp_client started on node nonode@nohost
2021-09-01 17:58:49.759 [info] <0.44.0> Application amqp started on node nonode@nohost
2021-09-01 17:58:49.759 [info] <0.44.0> Application gen_stage started on node nonode@nohost
2021-09-01 17:58:49.759 [info] <0.44.0> Application nimble_options started on node nonode@nohost
2021-09-01 17:58:49.761 [info] <0.44.0> Application telemetry started on node nonode@nohost
2021-09-01 17:58:49.761 [info] <0.44.0> Application broadway started on node nonode@nohost
2021-09-01 17:58:49.763 [info] <0.44.0> Application broadway_rabbitmq started on node nonode@nohost
2021-09-01 17:58:49.799 [info] <0.44.0> Application tickets started on node nonode@nohost
2021-09-01 17:59:08.349 [info] <0.44.0> Application logger started on node nonode@nohost
2021-09-01 17:59:08.354 [info] <0.44.0> Application xmerl started on node nonode@nohost
2021-09-01 17:59:08.354 [info] <0.44.0> Application sasl started on node nonode@nohost
2021-09-01 17:59:08.355 [info] <0.44.0> Application tools started on node nonode@nohost
2021-09-01 17:59:08.356 [info] <0.44.0> Application jsx started on node nonode@nohost
2021-09-01 17:59:08.356 [info] <0.44.0> Application recon started on node nonode@nohost
2021-09-01 17:59:08.396 [info] <0.44.0> Application credentials_obfuscation started on node nonode@nohost
2021-09-01 17:59:08.397 [info] <0.44.0> Application rabbit_common started on node nonode@nohost
2021-09-01 17:59:08.404 [info] <0.44.0> Application amqp_client started on node nonode@nohost
2021-09-01 17:59:08.405 [info] <0.44.0> Application amqp started on node nonode@nohost
2021-09-01 17:59:08.406 [info] <0.44.0> Application gen_stage started on node nonode@nohost
2021-09-01 17:59:08.406 [info] <0.44.0> Application nimble_options started on node nonode@nohost
2021-09-01 17:59:08.408 [info] <0.44.0> Application telemetry started on node nonode@nohost
2021-09-01 17:59:08.408 [info] <0.44.0> Application broadway started on node nonode@nohost
2021-09-01 17:59:08.410 [info] <0.44.0> Application broadway_rabbitmq started on node nonode@nohost
2021-09-01 17:59:08.451 [info] <0.44.0> Application tickets started on node nonode@nohost
2021-09-01 18:06:13.442 [info] <0.44.0> Application logger started on node nonode@nohost
2021-09-01 18:06:13.445 [info] <0.44.0> Application xmerl started on node nonode@nohost
2021-09-01 18:06:13.450 [info] <0.44.0> Application sasl started on node nonode@nohost
2021-09-01 18:06:13.450 [info] <0.44.0> Application tools started on node nonode@nohost
2021-09-01 18:06:13.451 [info] <0.44.0> Application jsx started on node nonode@nohost
2021-09-01 18:06:13.451 [info] <0.44.0> Application recon started on node nonode@nohost
2021-09-01 18:06:13.492 [info] <0.44.0> Application credentials_obfuscation started on node nonode@nohost
2021-09-01 18:06:13.492 [info] <0.44.0> Application rabbit_common started on node nonode@nohost
2021-09-01 18:06:13.499 [info] <0.44.0> Application amqp_client started on node nonode@nohost
2021-09-01 18:06:13.501 [info] <0.44.0> Application amqp started on node nonode@nohost
2021-09-01 18:06:13.501 [info] <0.44.0> Application gen_stage started on node nonode@nohost
2021-09-01 18:06:13.501 [info] <0.44.0> Application nimble_options started on node nonode@nohost
2021-09-01 18:06:13.503 [info] <0.44.0> Application telemetry started on node nonode@nohost
2021-09-01 18:06:13.503 [info] <0.44.0> Application broadway started on node nonode@nohost
2021-09-01 18:06:13.505 [info] <0.44.0> Application broadway_rabbitmq started on node nonode@nohost
2021-09-01 18:06:13.554 [info] <0.44.0> Application tickets started on node nonode@nohost
2021-09-01 18:27:03.077 [info] <0.44.0> Application logger started on node nonode@nohost
2021-09-01 18:27:03.084 [info] <0.44.0> Application xmerl started on node nonode@nohost
2021-09-01 18:27:03.084 [info] <0.44.0> Application sasl started on node nonode@nohost
2021-09-01 18:27:03.084 [info] <0.44.0> Application tools started on node nonode@nohost
2021-09-01 18:27:03.084 [info] <0.44.0> Application jsx started on node nonode@nohost
2021-09-01 18:27:03.084 [info] <0.44.0> Application recon started on node nonode@nohost
2021-09-01 18:27:03.131 [info] <0.44.0> Application credentials_obfuscation started on node nonode@nohost
2021-09-01 18:27:03.131 [info] <0.44.0> Application rabbit_common started on node nonode@nohost
2021-09-01 18:27:03.139 [info] <0.44.0> Application amqp_client started on node nonode@nohost
2021-09-01 18:27:03.141 [info] <0.44.0> Application amqp started on node nonode@nohost
2021-09-01 18:27:03.141 [info] <0.44.0> Application gen_stage started on node nonode@nohost
2021-09-01 18:27:03.141 [info] <0.44.0> Application nimble_options started on node nonode@nohost
2021-09-01 18:27:03.144 [info] <0.44.0> Application telemetry started on node nonode@nohost
2021-09-01 18:27:03.144 [info] <0.44.0> Application broadway started on node nonode@nohost
2021-09-01 18:27:03.145 [info] <0.44.0> Application broadway_rabbitmq started on node nonode@nohost
2021-09-01 18:27:03.191 [info] <0.44.0> Application tickets started on node nonode@nohost
2021-09-01 18:28:08.928 [info] <0.44.0> Application logger started on node nonode@nohost
2021-09-01 18:28:08.930 [info] <0.44.0> Application xmerl started on node nonode@nohost
2021-09-01 18:28:08.936 [info] <0.44.0> Application sasl started on node nonode@nohost
2021-09-01 18:28:08.936 [info] <0.44.0> Application tools started on node nonode@nohost
2021-09-01 18:28:08.936 [info] <0.44.0> Application jsx started on node nonode@nohost
2021-09-01 18:28:08.936 [info] <0.44.0> Application recon started on node nonode@nohost
2021-09-01 18:28:08.978 [info] <0.44.0> Application credentials_obfuscation started on node nonode@nohost
2021-09-01 18:28:08.978 [info] <0.44.0> Application rabbit_common started on node nonode@nohost
2021-09-01 18:28:08.986 [info] <0.44.0> Application amqp_client started on node nonode@nohost
2021-09-01 18:28:08.987 [info] <0.44.0> Application amqp started on node nonode@nohost
2021-09-01 18:28:08.987 [info] <0.44.0> Application gen_stage started on node nonode@nohost
2021-09-01 18:28:08.988 [info] <0.44.0> Application nimble_options started on node nonode@nohost
2021-09-01 18:28:08.990 [info] <0.44.0> Application telemetry started on node nonode@nohost
2021-09-01 18:28:08.990 [info] <0.44.0> Application broadway started on node nonode@nohost
2021-09-01 18:28:08.992 [info] <0.44.0> Application broadway_rabbitmq started on node nonode@nohost
2021-09-01 18:28:09.036 [info] <0.44.0> Application tickets started on node nonode@nohost
2021-09-01 18:29:26.741 [info] <0.44.0> Application logger started on node nonode@nohost
2021-09-01 18:29:26.743 [info] <0.44.0> Application xmerl started on node nonode@nohost
2021-09-01 18:29:26.748 [info] <0.44.0> Application sasl started on node nonode@nohost
2021-09-01 18:29:26.749 [info] <0.44.0> Application tools started on node nonode@nohost
2021-09-01 18:29:26.749 [info] <0.44.0> Application jsx started on node nonode@nohost
2021-09-01 18:29:26.749 [info] <0.44.0> Application recon started on node nonode@nohost
2021-09-01 18:29:26.788 [info] <0.44.0> Application credentials_obfuscation started on node nonode@nohost
2021-09-01 18:29:26.788 [info] <0.44.0> Application rabbit_common started on node nonode@nohost
2021-09-01 18:29:26.795 [info] <0.44.0> Application amqp_client started on node nonode@nohost
2021-09-01 18:29:26.797 [info] <0.44.0> Application amqp started on node nonode@nohost
2021-09-01 18:29:26.797 [info] <0.44.0> Application gen_stage started on node nonode@nohost
2021-09-01 18:29:26.797 [info] <0.44.0> Application nimble_options started on node nonode@nohost
2021-09-01 18:29:26.800 [info] <0.44.0> Application telemetry started on node nonode@nohost
2021-09-01 18:29:26.800 [info] <0.44.0> Application broadway started on node nonode@nohost
2021-09-01 18:29:26.801 [info] <0.44.0> Application broadway_rabbitmq started on node nonode@nohost
2021-09-01 18:29:26.844 [info] <0.44.0> Application tickets started on node nonode@nohost
2021-09-01 18:31:05.480 [info] <0.44.0> Application logger started on node nonode@nohost
2021-09-01 18:31:05.485 [info] <0.44.0> Application xmerl started on node nonode@nohost
2021-09-01 18:31:05.486 [info] <0.44.0> Application sasl started on node nonode@nohost
2021-09-01 18:31:05.486 [info] <0.44.0> Application tools started on node nonode@nohost
2021-09-01 18:31:05.486 [info] <0.44.0> Application jsx started on node nonode@nohost
2021-09-01 18:31:05.486 [info] <0.44.0> Application recon started on node nonode@nohost
2021-09-01 18:31:05.527 [info] <0.44.0> Application credentials_obfuscation started on node nonode@nohost
2021-09-01 18:31:05.527 [info] <0.44.0> Application rabbit_common started on node nonode@nohost
2021-09-01 18:31:05.535 [info] <0.44.0> Application amqp_client started on node nonode@nohost
2021-09-01 18:31:05.536 [info] <0.44.0> Application amqp started on node nonode@nohost
2021-09-01 18:31:05.536 [info] <0.44.0> Application gen_stage started on node nonode@nohost
2021-09-01 18:31:05.537 [info] <0.44.0> Application nimble_options started on node nonode@nohost
2021-09-01 18:31:05.539 [info] <0.44.0> Application telemetry started on node nonode@nohost
2021-09-01 18:31:05.539 [info] <0.44.0> Application broadway started on node nonode@nohost
2021-09-01 18:31:05.541 [info] <0.44.0> Application broadway_rabbitmq started on node nonode@nohost
2021-09-01 18:31:05.584 [info] <0.44.0> Application tickets started on node nonode@nohost
2021-09-01 18:35:22.987 [info] <0.44.0> Application logger started on node nonode@nohost
2021-09-01 18:35:22.989 [info] <0.44.0> Application xmerl started on node nonode@nohost
2021-09-01 18:35:22.994 [info] <0.44.0> Application sasl started on node nonode@nohost
2021-09-01 18:35:22.994 [info] <0.44.0> Application tools started on node nonode@nohost
2021-09-01 18:35:22.995 [info] <0.44.0> Application jsx started on node nonode@nohost
2021-09-01 18:35:22.995 [info] <0.44.0> Application recon started on node nonode@nohost
2021-09-01 18:35:23.039 [info] <0.44.0> Application credentials_obfuscation started on node nonode@nohost
2021-09-01 18:35:23.039 [info] <0.44.0> Application rabbit_common started on node nonode@nohost
2021-09-01 18:35:23.046 [info] <0.44.0> Application amqp_client started on node nonode@nohost
2021-09-01 18:35:23.047 [info] <0.44.0> Application amqp started on node nonode@nohost
2021-09-01 18:35:23.048 [info] <0.44.0> Application gen_stage started on node nonode@nohost
2021-09-01 18:35:23.048 [info] <0.44.0> Application nimble_options started on node nonode@nohost
2021-09-01 18:35:23.051 [info] <0.44.0> Application telemetry started on node nonode@nohost
2021-09-01 18:35:23.051 [info] <0.44.0> Application broadway started on node nonode@nohost
2021-09-01 18:35:23.052 [info] <0.44.0> Application broadway_rabbitmq started on node nonode@nohost
2021-09-01 18:35:23.103 [info] <0.44.0> Application tickets started on node nonode@nohost
